<?xml version="1.0" encoding="UTF-8" ?>
<testsuite failures="2" time="0.625" errors="1" skipped="0" tests="5" name="com.excilys.projet.banque.dao.impl.AuthDAOImplTest">
  <properties>
[...]
</properties>
  <testcase time="0.302" classname="com.excilys.projet.banque.dao.impl.AuthDAOImplTest" name="saveTest"/>
  <testcase time="0.019" classname="com.excilys.projet.banque.dao.impl.AuthDAOImplTest" name="findAllTest"/>
  <testcase time="0.052" classname="com.excilys.projet.banque.dao.impl.AuthDAOImplTest" name="findByIdTest">
    <error message="Could not execute JDBC batch update; SQL [insert into auth (login, password, enabled, id_fk) values (?, ?, ?, ?)]; constraint [null]; nested exception is org.hibernate.exception.ConstraintViolationException: Could not execute JDBC batch update" type="org.springframework.dao.DataIntegrityViolationException">org.springframework.dao.DataIntegrityViolationException: Could not execute JDBC batch update; SQL [insert into auth (login, password, enabled, id_fk) values (?, ?, ?, ?)]; constraint [null]; nested exception is org.hibernate.exception.ConstraintViolationException: Could not execute JDBC batch update
	at org.springframework.orm.hibernate3.SessionFactoryUtils.convertHibernateAccessException(SessionFactoryUtils.java:637)
	at org.springframework.orm.hibernate3.HibernateAccessor.convertHibernateAccessException(HibernateAccessor.java:412)
	at org.springframework.orm.hibernate3.HibernateTemplate.doExecute(HibernateTemplate.java:411)
	at org.springframework.orm.hibernate3.HibernateTemplate.executeWithNativeSession(HibernateTemplate.java:374)
	at org.springframework.orm.hibernate3.HibernateTemplate.save(HibernateTemplate.java:683)
	at com.excilys.projet.banque.dao.impl.AuthDAOImpl.save(AuthDAOImpl.java:33)
	at com.excilys.projet.banque.dao.impl.AuthDAOImplTest.findByIdTest(AuthDAOImplTest.java:56)
	at sun.reflect.NativeMethodAccessorImpl.invoke0(Native Method)
	at sun.reflect.NativeMethodAccessorImpl.invoke(NativeMethodAccessorImpl.java:39)
	at sun.reflect.DelegatingMethodAccessorImpl.invoke(DelegatingMethodAccessorImpl.java:25)
	at java.lang.reflect.Method.invoke(Method.java:597)
	at org.junit.internal.runners.TestMethodRunner.executeMethodBody(TestMethodRunner.java:99)
	at org.junit.internal.runners.TestMethodRunner.runUnprotected(TestMethodRunner.java:81)
	at org.junit.internal.runners.BeforeAndAfterRunner.runProtected(BeforeAndAfterRunner.java:34)
	at org.junit.internal.runners.TestMethodRunner.runMethod(TestMethodRunner.java:75)
	at org.junit.internal.runners.TestMethodRunner.run(TestMethodRunner.java:45)
	at org.junit.internal.runners.TestClassMethodsRunner.invokeTestMethod(TestClassMethodsRunner.java:71)
	at org.junit.internal.runners.TestClassMethodsRunner.run(TestClassMethodsRunner.java:35)
	at org.junit.internal.runners.TestClassRunner$1.runUnprotected(TestClassRunner.java:42)
	at org.junit.internal.runners.BeforeAndAfterRunner.runProtected(BeforeAndAfterRunner.java:34)
	at org.junit.internal.runners.TestClassRunner.run(TestClassRunner.java:52)
	at org.apache.maven.surefire.junit4.JUnit4TestSet.execute(JUnit4TestSet.java:35)
	at org.apache.maven.surefire.junit4.JUnit4Provider.executeTestSet(JUnit4Provider.java:146)
	at org.apache.maven.surefire.junit4.JUnit4Provider.invoke(JUnit4Provider.java:97)
	at sun.reflect.NativeMethodAccessorImpl.invoke0(Native Method)
	at sun.reflect.NativeMethodAccessorImpl.invoke(NativeMethodAccessorImpl.java:39)
	at sun.reflect.DelegatingMethodAccessorImpl.invoke(DelegatingMethodAccessorImpl.java:25)
	at java.lang.reflect.Method.invoke(Method.java:597)
	at org.apache.maven.surefire.booter.ProviderFactory$ClassLoaderProxy.invoke(ProviderFactory.java:103)
	at $Proxy0.invoke(Unknown Source)
	at org.apache.maven.surefire.booter.SurefireStarter.invokeProvider(SurefireStarter.java:145)
	at org.apache.maven.surefire.booter.SurefireStarter.runSuitesInProcess(SurefireStarter.java:87)
	at org.apache.maven.surefire.booter.ForkedBooter.main(ForkedBooter.java:69)
Caused by: org.hibernate.exception.ConstraintViolationException: Could not execute JDBC batch update
	at org.hibernate.exception.SQLStateConverter.convert(SQLStateConverter.java:96)
	at org.hibernate.exception.JDBCExceptionHelper.convert(JDBCExceptionHelper.java:66)
	at org.hibernate.jdbc.AbstractBatcher.executeBatch(AbstractBatcher.java:275)
	at org.hibernate.engine.ActionQueue.executeActions(ActionQueue.java:268)
	at org.hibernate.engine.ActionQueue.executeActions(ActionQueue.java:184)
	at org.hibernate.event.def.AbstractFlushingEventListener.performExecutions(AbstractFlushingEventListener.java:321)
	at org.hibernate.event.def.DefaultFlushEventListener.onFlush(DefaultFlushEventListener.java:51)
	at org.hibernate.impl.SessionImpl.flush(SessionImpl.java:1216)
	at org.springframework.orm.hibernate3.HibernateAccessor.flushIfNecessary(HibernateAccessor.java:390)
	at org.springframework.orm.hibernate3.HibernateTemplate.doExecute(HibernateTemplate.java:407)
	... 30 more
Caused by: java.sql.BatchUpdateException: Duplicate entry &apos;login623&apos; for key &apos;login&apos;
	at com.mysql.jdbc.PreparedStatement.executeBatchSerially(PreparedStatement.java:2018)
	at com.mysql.jdbc.PreparedStatement.executeBatch(PreparedStatement.java:1449)
	at org.hibernate.jdbc.BatchingBatcher.doExecuteBatch(BatchingBatcher.java:70)
	at org.hibernate.jdbc.AbstractBatcher.executeBatch(AbstractBatcher.java:268)
	... 37 more
</error>
    <system-out>Hibernate: select auth0_.id_fk as id1_8_, auth0_.login as login8_, auth0_.password as password8_, auth0_.enabled as enabled8_ from auth auth0_
Hibernate: select client0_.id as id7_0_, comptes1_.id as id6_1_, client0_.nom as nom7_0_, client0_.adresse as adresse7_0_, client0_.date_last_con as date4_7_0_, comptes1_.libelle as libelle6_1_, comptes1_.solde_courant as solde3_6_1_, comptes1_.client_fk as client4_6_1_, comptes1_.client_fk as client4_7_0__, comptes1_.id as id0__ from client client0_ left outer join compte comptes1_ on client0_.id=comptes1_.client_fk where client0_.id=?
Hibernate: insert into auth (login, password, enabled, id_fk) values (?, ?, ?, ?)
</system-out>
  </testcase>
  <testcase time="0.058" classname="com.excilys.projet.banque.dao.impl.AuthDAOImplTest" name="findByLoginTest">
    <failure message="Echec du equals" type="java.lang.AssertionError">java.lang.AssertionError: Echec du equals
	at org.junit.Assert.fail(Assert.java:58)
	at org.junit.Assert.assertTrue(Assert.java:27)
	at com.excilys.projet.banque.dao.impl.AuthDAOImplTest.findByLoginTest(AuthDAOImplTest.java:72)
	at sun.reflect.NativeMethodAccessorImpl.invoke0(Native Method)
	at sun.reflect.NativeMethodAccessorImpl.invoke(NativeMethodAccessorImpl.java:39)
	at sun.reflect.DelegatingMethodAccessorImpl.invoke(DelegatingMethodAccessorImpl.java:25)
	at java.lang.reflect.Method.invoke(Method.java:597)
	at org.junit.internal.runners.TestMethodRunner.executeMethodBody(TestMethodRunner.java:99)
	at org.junit.internal.runners.TestMethodRunner.runUnprotected(TestMethodRunner.java:81)
	at org.junit.internal.runners.BeforeAndAfterRunner.runProtected(BeforeAndAfterRunner.java:34)
	at org.junit.internal.runners.TestMethodRunner.runMethod(TestMethodRunner.java:75)
	at org.junit.internal.runners.TestMethodRunner.run(TestMethodRunner.java:45)
	at org.junit.internal.runners.TestClassMethodsRunner.invokeTestMethod(TestClassMethodsRunner.java:71)
	at org.junit.internal.runners.TestClassMethodsRunner.run(TestClassMethodsRunner.java:35)
	at org.junit.internal.runners.TestClassRunner$1.runUnprotected(TestClassRunner.java:42)
	at org.junit.internal.runners.BeforeAndAfterRunner.runProtected(BeforeAndAfterRunner.java:34)
	at org.junit.internal.runners.TestClassRunner.run(TestClassRunner.java:52)
	at org.apache.maven.surefire.junit4.JUnit4TestSet.execute(JUnit4TestSet.java:35)
	at org.apache.maven.surefire.junit4.JUnit4Provider.executeTestSet(JUnit4Provider.java:146)
	at org.apache.maven.surefire.junit4.JUnit4Provider.invoke(JUnit4Provider.java:97)
	at sun.reflect.NativeMethodAccessorImpl.invoke0(Native Method)
	at sun.reflect.NativeMethodAccessorImpl.invoke(NativeMethodAccessorImpl.java:39)
	at sun.reflect.DelegatingMethodAccessorImpl.invoke(DelegatingMethodAccessorImpl.java:25)
	at java.lang.reflect.Method.invoke(Method.java:597)
	at org.apache.maven.surefire.booter.ProviderFactory$ClassLoaderProxy.invoke(ProviderFactory.java:103)
	at $Proxy0.invoke(Unknown Source)
	at org.apache.maven.surefire.booter.SurefireStarter.invokeProvider(SurefireStarter.java:145)
	at org.apache.maven.surefire.booter.SurefireStarter.runSuitesInProcess(SurefireStarter.java:87)
	at org.apache.maven.surefire.booter.ForkedBooter.main(ForkedBooter.java:69)
</failure>
    <system-out>Hibernate: select auth0_.id_fk as id1_8_, auth0_.login as login8_, auth0_.password as password8_, auth0_.enabled as enabled8_ from auth auth0_
Hibernate: select client0_.id as id7_0_, comptes1_.id as id6_1_, client0_.nom as nom7_0_, client0_.adresse as adresse7_0_, client0_.date_last_con as date4_7_0_, comptes1_.libelle as libelle6_1_, comptes1_.solde_courant as solde3_6_1_, comptes1_.client_fk as client4_6_1_, comptes1_.client_fk as client4_7_0__, comptes1_.id as id0__ from client client0_ left outer join compte comptes1_ on client0_.id=comptes1_.client_fk where client0_.id=?
Hibernate: insert into auth (login, password, enabled, id_fk) values (?, ?, ?, ?)
Hibernate: select auth0_.id_fk as id1_8_0_, client1_.id as id7_1_, auth0_.login as login8_0_, auth0_.password as password8_0_, auth0_.enabled as enabled8_0_, client1_.nom as nom7_1_, client1_.adresse as adresse7_1_, client1_.date_last_con as date4_7_1_ from auth auth0_ left outer join client client1_ on auth0_.id_fk=client1_.id where auth0_.login=?
</system-out>
  </testcase>
  <testcase time="0.041" classname="com.excilys.projet.banque.dao.impl.AuthDAOImplTest" name="findAuthByClientTest">
    <failure message="Echec du equals" type="java.lang.AssertionError">java.lang.AssertionError: Echec du equals
	at org.junit.Assert.fail(Assert.java:58)
	at org.junit.Assert.assertTrue(Assert.java:27)
	at com.excilys.projet.banque.dao.impl.AuthDAOImplTest.findAuthByClientTest(AuthDAOImplTest.java:89)
	at sun.reflect.NativeMethodAccessorImpl.invoke0(Native Method)
	at sun.reflect.NativeMethodAccessorImpl.invoke(NativeMethodAccessorImpl.java:39)
	at sun.reflect.DelegatingMethodAccessorImpl.invoke(DelegatingMethodAccessorImpl.java:25)
	at java.lang.reflect.Method.invoke(Method.java:597)
	at org.junit.internal.runners.TestMethodRunner.executeMethodBody(TestMethodRunner.java:99)
	at org.junit.internal.runners.TestMethodRunner.runUnprotected(TestMethodRunner.java:81)
	at org.junit.internal.runners.BeforeAndAfterRunner.runProtected(BeforeAndAfterRunner.java:34)
	at org.junit.internal.runners.TestMethodRunner.runMethod(TestMethodRunner.java:75)
	at org.junit.internal.runners.TestMethodRunner.run(TestMethodRunner.java:45)
	at org.junit.internal.runners.TestClassMethodsRunner.invokeTestMethod(TestClassMethodsRunner.java:71)
	at org.junit.internal.runners.TestClassMethodsRunner.run(TestClassMethodsRunner.java:35)
	at org.junit.internal.runners.TestClassRunner$1.runUnprotected(TestClassRunner.java:42)
	at org.junit.internal.runners.BeforeAndAfterRunner.runProtected(BeforeAndAfterRunner.java:34)
	at org.junit.internal.runners.TestClassRunner.run(TestClassRunner.java:52)
	at org.apache.maven.surefire.junit4.JUnit4TestSet.execute(JUnit4TestSet.java:35)
	at org.apache.maven.surefire.junit4.JUnit4Provider.executeTestSet(JUnit4Provider.java:146)
	at org.apache.maven.surefire.junit4.JUnit4Provider.invoke(JUnit4Provider.java:97)
	at sun.reflect.NativeMethodAccessorImpl.invoke0(Native Method)
	at sun.reflect.NativeMethodAccessorImpl.invoke(NativeMethodAccessorImpl.java:39)
	at sun.reflect.DelegatingMethodAccessorImpl.invoke(DelegatingMethodAccessorImpl.java:25)
	at java.lang.reflect.Method.invoke(Method.java:597)
	at org.apache.maven.surefire.booter.ProviderFactory$ClassLoaderProxy.invoke(ProviderFactory.java:103)
	at $Proxy0.invoke(Unknown Source)
	at org.apache.maven.surefire.booter.SurefireStarter.invokeProvider(SurefireStarter.java:145)
	at org.apache.maven.surefire.booter.SurefireStarter.runSuitesInProcess(SurefireStarter.java:87)
	at org.apache.maven.surefire.booter.ForkedBooter.main(ForkedBooter.java:69)
</failure>
    <system-out>Hibernate: select auth0_.id_fk as id1_8_, auth0_.login as login8_, auth0_.password as password8_, auth0_.enabled as enabled8_ from auth auth0_
Hibernate: select client0_.id as id7_0_, comptes1_.id as id6_1_, client0_.nom as nom7_0_, client0_.adresse as adresse7_0_, client0_.date_last_con as date4_7_0_, comptes1_.libelle as libelle6_1_, comptes1_.solde_courant as solde3_6_1_, comptes1_.client_fk as client4_6_1_, comptes1_.client_fk as client4_7_0__, comptes1_.id as id0__ from client client0_ left outer join compte comptes1_ on client0_.id=comptes1_.client_fk where client0_.id=?
Hibernate: insert into auth (login, password, enabled, id_fk) values (?, ?, ?, ?)
Auth [id=24, login=login414, password=6440297652cc7fa559cff9d9b7f4b050154d7f6d, enabled=1, client=23]
Hibernate: select auth0_.id_fk as id1_8_0_, client1_.id as id7_1_, auth0_.login as login8_0_, auth0_.password as password8_0_, auth0_.enabled as enabled8_0_, client1_.nom as nom7_1_, client1_.adresse as adresse7_1_, client1_.date_last_con as date4_7_1_ from auth auth0_ left outer join client client1_ on auth0_.id_fk=client1_.id where auth0_.id_fk=?
Auth [id=23, login=login343, password=6440297652cc7fa559cff9d9b7f4b050154d7f6d, enabled=1, client=23]
</system-out>
  </testcase>
</testsuite>